This is pdfTeX, Version 3.14159265-2.6-1.40.16 (TeX Live 2015/Debian) (preloaded format=pdflatex 2018.10.13)  26 NOV 2018 22:38
entering extended mode
 restricted \write18 enabled.
 %&-line parsing enabled.
**swaminathan_herrera_mcdevitt_third_paper_draft.tex
(./swaminathan_herrera_mcdevitt_third_paper_draft.tex
LaTeX2e <2016/02/01>
Babel <3.9q> and hyphenation patterns for 5 language(s) loaded.
(./llncs.cls
Document Class: llncs 2004/08/17 v2.14 
 LaTeX document class for Lecture Notes in Computer Science
(/usr/share/texlive/texmf-dist/tex/latex/base/article.cls
Document Class: article 2014/09/29 v1.4h Standard LaTeX document class
(/usr/share/texlive/texmf-dist/tex/latex/base/size10.clo
File: size10.clo 2014/09/29 v1.4h Standard LaTeX file (size option)
)
\c@part=\count79
\c@section=\count80
\c@subsection=\count81
\c@subsubsection=\count82
\c@paragraph=\count83
\c@subparagraph=\count84
\c@figure=\count85
\c@table=\count86
\abovecaptionskip=\skip41
\belowcaptionskip=\skip42
\bibindent=\dimen102
)
(/usr/share/texlive/texmf-dist/tex/latex/tools/multicol.sty
Package: multicol 2015/08/19 v1.8n multicolumn formatting (FMi)
\c@tracingmulticols=\count87
\mult@box=\box26
\multicol@leftmargin=\dimen103
\c@unbalance=\count88
\c@collectmore=\count89
\doublecol@number=\count90
\multicoltolerance=\count91
\multicolpretolerance=\count92
\full@width=\dimen104
\page@free=\dimen105
\premulticols=\dimen106
\postmulticols=\dimen107
\multicolsep=\skip43
\multicolbaselineskip=\skip44
\partial@page=\box27
\last@line=\box28
\maxbalancingoverflow=\dimen108
\mult@rightbox=\box29
\mult@grightbox=\box30
\mult@gfirstbox=\box31
\mult@firstbox=\box32
\@tempa=\box33
\@tempa=\box34
\@tempa=\box35
\@tempa=\box36
\@tempa=\box37
\@tempa=\box38
\@tempa=\box39
\@tempa=\box40
\@tempa=\box41
\@tempa=\box42
\@tempa=\box43
\@tempa=\box44
\@tempa=\box45
\@tempa=\box46
\@tempa=\box47
\@tempa=\box48
\@tempa=\box49
\c@columnbadness=\count93
\c@finalcolumnbadness=\count94
\last@try=\dimen109
\multicolovershoot=\dimen110
\multicolundershoot=\dimen111
\mult@nat@firstbox=\box50
\colbreak@box=\box51
\mc@col@check@num=\count95
)
\c@chapter=\count96
LaTeX Font Info:    Redeclaring math symbol \Gamma on input line 360.
LaTeX Font Info:    Redeclaring math symbol \Delta on input line 361.
LaTeX Font Info:    Redeclaring math symbol \Theta on input line 362.
LaTeX Font Info:    Redeclaring math symbol \Lambda on input line 363.
LaTeX Font Info:    Redeclaring math symbol \Xi on input line 364.
LaTeX Font Info:    Redeclaring math symbol \Pi on input line 365.
LaTeX Font Info:    Redeclaring math symbol \Sigma on input line 366.
LaTeX Font Info:    Redeclaring math symbol \Upsilon on input line 367.
LaTeX Font Info:    Redeclaring math symbol \Phi on input line 368.
LaTeX Font Info:    Redeclaring math symbol \Psi on input line 369.
LaTeX Font Info:    Redeclaring math symbol \Omega on input line 370.
\tocchpnum=\dimen112
\tocsecnum=\dimen113
\tocsectotal=\dimen114
\tocsubsecnum=\dimen115
\tocsubsectotal=\dimen116
\tocsubsubsecnum=\dimen117
\tocsubsubsectotal=\dimen118
\tocparanum=\dimen119
\tocparatotal=\dimen120
\tocsubparanum=\dimen121
\@tempcntc=\count97
\fnindent=\dimen122
\c@@inst=\count98
\c@@auth=\count99
\c@auco=\count100
\instindent=\dimen123
\authrun=\box52
\authorrunning=\toks14
\tocauthor=\toks15
\titrun=\box53
\titlerunning=\toks16
\toctitle=\toks17
\c@theorem=\count101
\c@case=\count102
\c@conjecture=\count103
\c@corollary=\count104
\c@definition=\count105
\c@example=\count106
\c@exercise=\count107
\c@lemma=\count108
\c@note=\count109
\c@problem=\count110
\c@property=\count111
\c@proposition=\count112
\c@question=\count113
\c@solution=\count114
\c@remark=\count115
\headlineindent=\dimen124
)
(/usr/share/texlive/texmf-dist/tex/latex/base/makeidx.sty
Package: makeidx 2014/09/29 v1.0m Standard LaTeX package
)
(/usr/share/texlive/texmf-dist/tex/latex/underscore/underscore.sty
Package: underscore 2006/09/13
LaTeX Info: Redefining \_ on input line 42.
)
(/usr/share/texlive/texmf-dist/tex/latex/float/float.sty
Package: float 2001/11/08 v1.3d Float enhancements (AL)
\c@float@type=\count116
\float@exts=\toks18
\float@box=\box54
\@float@everytoks=\toks19
\@floatcapt=\box55
)
(/usr/share/texlive/texmf-dist/tex/latex/placeins/placeins.sty
Package: placeins 2005/04/18  v 2.2
)
(/usr/share/texlive/texmf-dist/tex/latex/caption/caption.sty
Package: caption 2016/02/21 v3.3-144 Customizing captions (AR)

(/usr/share/texlive/texmf-dist/tex/latex/caption/caption3.sty
Package: caption3 2016/02/04 v1.7-139 caption3 kernel (AR)
Package caption3 Info: TeX engine: e-TeX on input line 67.

(/usr/share/texlive/texmf-dist/tex/latex/graphics/keyval.sty
Package: keyval 2014/10/28 v1.15 key=value parser (DPC)
\KV@toks@=\toks20
)
\captionmargin=\dimen125
\captionmargin@=\dimen126
\captionwidth=\dimen127
\caption@tempdima=\dimen128
\caption@indent=\dimen129
\caption@parindent=\dimen130
\caption@hangindent=\dimen131
Package caption Info: Unknown document class (or package),
(caption)             standard defaults will be used.
)

Package caption Warning: Unsupported document class (or package) detected,
(caption)                usage of the caption package is not recommended.
See the caption package documentation for explanation.

Package caption Info: \@makecaption = \long macro:#1#2->\vskip \abovecaptionski
p \sbox \@tempboxa {{\bfseries #1.} #2}\ifdim \wd \@tempboxa >\hsize {\bfseries
 #1.} #2\par \else \global \@minipagefalse \hb@xt@ \hsize {\hfil \box \@tempbox
a \hfil }\fi \vskip \belowcaptionskip .
\c@ContinuedFloat=\count117
Package caption Info: float package is loaded.
) (/usr/share/texlive/texmf-dist/tex/latex/base/textcomp.sty
Package: textcomp 2005/09/27 v1.99g Standard LaTeX package
Package textcomp Info: Sub-encoding information:
(textcomp)               5 = only ISO-Adobe without \textcurrency
(textcomp)               4 = 5 + \texteuro
(textcomp)               3 = 4 + \textohm
(textcomp)               2 = 3 + \textestimated + \textcurrency
(textcomp)               1 = TS1 - \textcircled - \t
(textcomp)               0 = TS1 (full)
(textcomp)             Font families with sub-encoding setting implement
(textcomp)             only a restricted character set as indicated.
(textcomp)             Family '?' is the default used for unknown fonts.
(textcomp)             See the documentation for details.
Package textcomp Info: Setting ? sub-encoding to TS1/1 on input line 79.

(/usr/share/texlive/texmf-dist/tex/latex/base/ts1enc.def
File: ts1enc.def 2001/06/05 v3.0e (jk/car/fm) Standard LaTeX file
)
LaTeX Info: Redefining \oldstylenums on input line 334.
Package textcomp Info: Setting cmr sub-encoding to TS1/0 on input line 349.
Package textcomp Info: Setting cmss sub-encoding to TS1/0 on input line 350.
Package textcomp Info: Setting cmtt sub-encoding to TS1/0 on input line 351.
Package textcomp Info: Setting cmvtt sub-encoding to TS1/0 on input line 352.
Package textcomp Info: Setting cmbr sub-encoding to TS1/0 on input line 353.
Package textcomp Info: Setting cmtl sub-encoding to TS1/0 on input line 354.
Package textcomp Info: Setting ccr sub-encoding to TS1/0 on input line 355.
Package textcomp Info: Setting ptm sub-encoding to TS1/4 on input line 356.
Package textcomp Info: Setting pcr sub-encoding to TS1/4 on input line 357.
Package textcomp Info: Setting phv sub-encoding to TS1/4 on input line 358.
Package textcomp Info: Setting ppl sub-encoding to TS1/3 on input line 359.
Package textcomp Info: Setting pag sub-encoding to TS1/4 on input line 360.
Package textcomp Info: Setting pbk sub-encoding to TS1/4 on input line 361.
Package textcomp Info: Setting pnc sub-encoding to TS1/4 on input line 362.
Package textcomp Info: Setting pzc sub-encoding to TS1/4 on input line 363.
Package textcomp Info: Setting bch sub-encoding to TS1/4 on input line 364.
Package textcomp Info: Setting put sub-encoding to TS1/5 on input line 365.
Package textcomp Info: Setting uag sub-encoding to TS1/5 on input line 366.
Package textcomp Info: Setting ugq sub-encoding to TS1/5 on input line 367.
Package textcomp Info: Setting ul8 sub-encoding to TS1/4 on input line 368.
Package textcomp Info: Setting ul9 sub-encoding to TS1/4 on input line 369.
Package textcomp Info: Setting augie sub-encoding to TS1/5 on input line 370.
Package textcomp Info: Setting dayrom sub-encoding to TS1/3 on input line 371.
Package textcomp Info: Setting dayroms sub-encoding to TS1/3 on input line 372.

Package textcomp Info: Setting pxr sub-encoding to TS1/0 on input line 373.
Package textcomp Info: Setting pxss sub-encoding to TS1/0 on input line 374.
Package textcomp Info: Setting pxtt sub-encoding to TS1/0 on input line 375.
Package textcomp Info: Setting txr sub-encoding to TS1/0 on input line 376.
Package textcomp Info: Setting txss sub-encoding to TS1/0 on input line 377.
Package textcomp Info: Setting txtt sub-encoding to TS1/0 on input line 378.
Package textcomp Info: Setting lmr sub-encoding to TS1/0 on input line 379.
Package textcomp Info: Setting lmdh sub-encoding to TS1/0 on input line 380.
Package textcomp Info: Setting lmss sub-encoding to TS1/0 on input line 381.
Package textcomp Info: Setting lmssq sub-encoding to TS1/0 on input line 382.
Package textcomp Info: Setting lmvtt sub-encoding to TS1/0 on input line 383.
Package textcomp Info: Setting lmtt sub-encoding to TS1/0 on input line 384.
Package textcomp Info: Setting qhv sub-encoding to TS1/0 on input line 385.
Package textcomp Info: Setting qag sub-encoding to TS1/0 on input line 386.
Package textcomp Info: Setting qbk sub-encoding to TS1/0 on input line 387.
Package textcomp Info: Setting qcr sub-encoding to TS1/0 on input line 388.
Package textcomp Info: Setting qcs sub-encoding to TS1/0 on input line 389.
Package textcomp Info: Setting qpl sub-encoding to TS1/0 on input line 390.
Package textcomp Info: Setting qtm sub-encoding to TS1/0 on input line 391.
Package textcomp Info: Setting qzc sub-encoding to TS1/0 on input line 392.
Package textcomp Info: Setting qhvc sub-encoding to TS1/0 on input line 393.
Package textcomp Info: Setting futs sub-encoding to TS1/4 on input line 394.
Package textcomp Info: Setting futx sub-encoding to TS1/4 on input line 395.
Package textcomp Info: Setting futj sub-encoding to TS1/4 on input line 396.
Package textcomp Info: Setting hlh sub-encoding to TS1/3 on input line 397.
Package textcomp Info: Setting hls sub-encoding to TS1/3 on input line 398.
Package textcomp Info: Setting hlst sub-encoding to TS1/3 on input line 399.
Package textcomp Info: Setting hlct sub-encoding to TS1/5 on input line 400.
Package textcomp Info: Setting hlx sub-encoding to TS1/5 on input line 401.
Package textcomp Info: Setting hlce sub-encoding to TS1/5 on input line 402.
Package textcomp Info: Setting hlcn sub-encoding to TS1/5 on input line 403.
Package textcomp Info: Setting hlcw sub-encoding to TS1/5 on input line 404.
Package textcomp Info: Setting hlcf sub-encoding to TS1/5 on input line 405.
Package textcomp Info: Setting pplx sub-encoding to TS1/3 on input line 406.
Package textcomp Info: Setting pplj sub-encoding to TS1/3 on input line 407.
Package textcomp Info: Setting ptmx sub-encoding to TS1/4 on input line 408.
Package textcomp Info: Setting ptmj sub-encoding to TS1/4 on input line 409.
)
(/usr/share/texlive/texmf-dist/tex/latex/colortbl/colortbl.sty
Package: colortbl 2012/02/13 v1.0a Color table columns (DPC)

(/usr/share/texlive/texmf-dist/tex/latex/tools/array.sty
Package: array 2014/10/28 v2.4c Tabular extension package (FMi)
\col@sep=\dimen132
\extrarowheight=\dimen133
\NC@list=\toks21
\extratabsurround=\skip45
\backup@length=\skip46
)
(/usr/share/texlive/texmf-dist/tex/latex/graphics/color.sty
Package: color 2016/01/03 v1.1b Standard LaTeX Color (DPC)

(/usr/share/texlive/texmf-dist/tex/latex/latexconfig/color.cfg
File: color.cfg 2007/01/18 v1.5 color configuration of teTeX/TeXLive
)
Package color Info: Driver file: pdftex.def on input line 143.

(/usr/share/texlive/texmf-dist/tex/latex/pdftex-def/pdftex.def
File: pdftex.def 2011/05/27 v0.06d Graphics/color for pdfTeX

(/usr/share/texlive/texmf-dist/tex/generic/oberdiek/infwarerr.sty
Package: infwarerr 2010/04/08 v1.3 Providing info/warning/error messages (HO)
)
(/usr/share/texlive/texmf-dist/tex/generic/oberdiek/ltxcmds.sty
Package: ltxcmds 2011/11/09 v1.22 LaTeX kernel commands for general use (HO)
)
\Gread@gobject=\count118
))
\everycr=\toks22
\minrowclearance=\skip47
)
(/usr/share/texlive/texmf-dist/tex/latex/graphics/graphicx.sty
Package: graphicx 2014/10/28 v1.0g Enhanced LaTeX Graphics (DPC,SPQR)

(/usr/share/texlive/texmf-dist/tex/latex/graphics/graphics.sty
Package: graphics 2016/01/03 v1.0q Standard LaTeX Graphics (DPC,SPQR)

(/usr/share/texlive/texmf-dist/tex/latex/graphics/trig.sty
Package: trig 2016/01/03 v1.10 sin cos tan (DPC)
)
(/usr/share/texlive/texmf-dist/tex/latex/latexconfig/graphics.cfg
File: graphics.cfg 2010/04/23 v1.9 graphics configuration of TeX Live
)
Package graphics Info: Driver file: pdftex.def on input line 95.
)
\Gin@req@height=\dimen134
\Gin@req@width=\dimen135
)
(/usr/share/texlive/texmf-dist/tex/latex/caption/subcaption.sty
Package: subcaption 2016/02/20 v1.1-142 Sub-captions (AR)
\c@subfigure=\count119
\c@subtable=\count120
)
(/usr/share/texlive/texmf-dist/tex/latex/amsmath/amsmath.sty
Package: amsmath 2016/03/03 v2.15a AMS math features
\@mathmargin=\skip48

For additional information on amsmath, use the `?' option.
(/usr/share/texlive/texmf-dist/tex/latex/amsmath/amstext.sty
Package: amstext 2000/06/29 v2.01 AMS text

(/usr/share/texlive/texmf-dist/tex/latex/amsmath/amsgen.sty
File: amsgen.sty 1999/11/30 v2.0 generic functions
\@emptytoks=\toks23
\ex@=\dimen136
))
(/usr/share/texlive/texmf-dist/tex/latex/amsmath/amsbsy.sty
Package: amsbsy 1999/11/29 v1.2d Bold Symbols
\pmbraise@=\dimen137
)
(/usr/share/texlive/texmf-dist/tex/latex/amsmath/amsopn.sty
Package: amsopn 1999/12/14 v2.01 operator names
)
\inf@bad=\count121
LaTeX Info: Redefining \frac on input line 199.
\uproot@=\count122
\leftroot@=\count123
LaTeX Info: Redefining \overline on input line 297.
\classnum@=\count124
\DOTSCASE@=\count125
LaTeX Info: Redefining \ldots on input line 394.
LaTeX Info: Redefining \dots on input line 397.
LaTeX Info: Redefining \cdots on input line 518.
\Mathstrutbox@=\box56
\strutbox@=\box57
\big@size=\dimen138
LaTeX Font Info:    Redeclaring font encoding OML on input line 630.
LaTeX Font Info:    Redeclaring font encoding OMS on input line 631.


Package amsmath Warning: Unable to redefine math accent \vec.

\macc@depth=\count126
\c@MaxMatrixCols=\count127
\dotsspace@=\muskip10
\c@parentequation=\count128
\dspbrk@lvl=\count129
\tag@help=\toks24
\row@=\count130
\column@=\count131
\maxfields@=\count132
\andhelp@=\toks25
\eqnshift@=\dimen139
\alignsep@=\dimen140
\tagshift@=\dimen141
\tagwidth@=\dimen142
\totwidth@=\dimen143
\lineht@=\dimen144
\@envbody=\toks26
\multlinegap=\skip49
\multlinetaggap=\skip50
\mathdisplay@stack=\toks27
LaTeX Info: Redefining \[ on input line 2735.
LaTeX Info: Redefining \] on input line 2736.
) (./swaminathan_herrera_mcdevitt_third_paper_draft.aux)
\openout1 = `swaminathan_herrera_mcdevitt_third_paper_draft.aux'.

LaTeX Font Info:    Checking defaults for OML/cmm/m/it on input line 59.
LaTeX Font Info:    ... okay on input line 59.
LaTeX Font Info:    Checking defaults for T1/cmr/m/n on input line 59.
LaTeX Font Info:    ... okay on input line 59.
LaTeX Font Info:    Checking defaults for OT1/cmr/m/n on input line 59.
LaTeX Font Info:    ... okay on input line 59.
LaTeX Font Info:    Checking defaults for OMS/cmsy/m/n on input line 59.
LaTeX Font Info:    ... okay on input line 59.
LaTeX Font Info:    Checking defaults for OMX/cmex/m/n on input line 59.
LaTeX Font Info:    ... okay on input line 59.
LaTeX Font Info:    Checking defaults for U/cmr/m/n on input line 59.
LaTeX Font Info:    ... okay on input line 59.
LaTeX Font Info:    Checking defaults for TS1/cmr/m/n on input line 59.
LaTeX Font Info:    Try loading font information for TS1+cmr on input line 59.

(/usr/share/texlive/texmf-dist/tex/latex/base/ts1cmr.fd
File: ts1cmr.fd 2014/09/29 v2.5h Standard LaTeX font definitions
)
LaTeX Font Info:    ... okay on input line 59.
Package caption Info: Begin \AtBeginDocument code.
Package caption Info: Incompatible package detected (regarding \@caption).
(caption)             \@caption = \long macro:#1[#2]#3->\par \addcontentsline {
\csname ext@#1\endcsname }{#1}{\protect \numberline {\csname the#1\endcsname }{
\ignorespaces #2}}\begingroup \@parboxrestore \@makecaption {\csname fnum@#1\en
dcsname }{\ignorespaces #3}\par \endgroup .


Package caption Warning: Forced redefinition of \caption since the
(caption)                unsupported(!) package option `compatibility=false'
(caption)                was given.
See the caption package documentation for explanation.

Package caption Info: End \AtBeginDocument code.
(/usr/share/texlive/texmf-dist/tex/context/base/supp-pdf.mkii
[Loading MPS to PDF converter (version 2006.09.02).]
\scratchcounter=\count133
\scratchdimen=\dimen145
\scratchbox=\box58
\nofMPsegments=\count134
\nofMParguments=\count135
\everyMPshowfont=\toks28
\MPscratchCnt=\count136
\MPscratchDim=\dimen146
\MPnumerator=\count137
\makeMPintoPDFobject=\count138
\everyMPtoPDFconversion=\toks29
) (/usr/share/texlive/texmf-dist/tex/generic/oberdiek/pdftexcmds.sty
Package: pdftexcmds 2011/11/29 v0.20 Utility functions of pdfTeX for LuaTeX (HO
)

(/usr/share/texlive/texmf-dist/tex/generic/oberdiek/ifluatex.sty
Package: ifluatex 2010/03/01 v1.3 Provides the ifluatex switch (HO)
Package ifluatex Info: LuaTeX not detected.
)
(/usr/share/texlive/texmf-dist/tex/generic/oberdiek/ifpdf.sty
Package: ifpdf 2011/01/30 v2.3 Provides the ifpdf switch (HO)
Package ifpdf Info: pdfTeX in PDF mode is detected.
)
Package pdftexcmds Info: LuaTeX not detected.
Package pdftexcmds Info: \pdf@primitive is available.
Package pdftexcmds Info: \pdf@ifprimitive is available.
Package pdftexcmds Info: \pdfdraftmode found.
)
(/usr/share/texlive/texmf-dist/tex/latex/oberdiek/epstopdf-base.sty
Package: epstopdf-base 2010/02/09 v2.5 Base part for package epstopdf

(/usr/share/texlive/texmf-dist/tex/latex/oberdiek/grfext.sty
Package: grfext 2010/08/19 v1.1 Manage graphics extensions (HO)

(/usr/share/texlive/texmf-dist/tex/generic/oberdiek/kvdefinekeys.sty
Package: kvdefinekeys 2011/04/07 v1.3 Define keys (HO)
))
(/usr/share/texlive/texmf-dist/tex/latex/oberdiek/kvoptions.sty
Package: kvoptions 2011/06/30 v3.11 Key value format for package options (HO)

(/usr/share/texlive/texmf-dist/tex/generic/oberdiek/kvsetkeys.sty
Package: kvsetkeys 2012/04/25 v1.16 Key value parser (HO)

(/usr/share/texlive/texmf-dist/tex/generic/oberdiek/etexcmds.sty
Package: etexcmds 2011/02/16 v1.5 Avoid name clashes with e-TeX commands (HO)
Package etexcmds Info: Could not find \expanded.
(etexcmds)             That can mean that you are not using pdfTeX 1.50 or
(etexcmds)             that some package has redefined \expanded.
(etexcmds)             In the latter case, load this package earlier.
)))
Package grfext Info: Graphics extension search list:
(grfext)             [.png,.pdf,.jpg,.mps,.jpeg,.jbig2,.jb2,.PNG,.PDF,.JPG,.JPE
G,.JBIG2,.JB2,.eps]
(grfext)             \AppendGraphicsExtensions on input line 452.

(/usr/share/texlive/texmf-dist/tex/latex/latexconfig/epstopdf-sys.cfg
File: epstopdf-sys.cfg 2010/07/13 v1.3 Configuration of (r)epstopdf for TeX Liv
e
))
LaTeX Font Info:    Try loading font information for OMS+cmtt on input line 75.


(/usr/share/texmf/tex/latex/R/tex/latex/omscmtt.fd
File: omscmtt.fd 
)
LaTeX Font Info:    Font shape `OMS/cmtt/m/n' in size <9> not available
(Font)              Font shape `OMS/cmsy/m/n' tried instead on input line 75.
Missing character: There is no ‚ in font cmr9!
Missing character: There is no Ä in font cmr9!
Missing character: There is no ì in font cmr9!
Missing character: There is no ‚ in font cmr10!
Missing character: There is no Ä in font cmr10!
Missing character: There is no ì in font cmr10!


LaTeX Warning: Citation `thoreau1906writings' on page 1 undefined on input line
 83.

Missing character: There is no ‚ in font cmr10!
Missing character: There is no Ä in font cmr10!
Missing character: There is no ì in font cmr10!
Missing character: There is no ‚ in font cmr10!
Missing character: There is no Ä in font cmr10!
Missing character: There is no ì in font cmr10!

LaTeX Warning: Citation `bowen2015zen' on page 1 undefined on input line 83.

Missing character: There is no ‚ in font cmr10!
Missing character: There is no Ä in font cmr10!
Missing character: There is no ì in font cmr10!

LaTeX Warning: Citation `wal2018walkable' on page 1 undefined on input line 85.



LaTeX Warning: Citation `speck2013walkable' on page 1 undefined on input line 8
5.


LaTeX Warning: Citation `speck2013walkable' on page 1 undefined on input line 8
5.


LaTeX Warning: Citation `speck2013walkable' on page 1 undefined on input line 8
5.


LaTeX Warning: Citation `lee2014suburban' on page 1 undefined on input line 85.



LaTeX Warning: Citation `climatendclimate' on page 1 undefined on input line 85
.


LaTeX Warning: Citation `speck2013walkable' on page 1 undefined on input line 8
5.

[1

{/var/lib/texmf/fonts/map/pdftex/updmap/pdftex.map}]

LaTeX Warning: Citation `leyden2003social' on page 2 undefined on input line 87
.


LaTeX Warning: Citation `steffen2008worldchanging' on page 2 undefined on input
 line 87.


LaTeX Warning: Citation `doyle2006active' on page 2 undefined on input line 87.



LaTeX Warning: Citation `toronto2002toronto' on page 2 undefined on input line 
87.


LaTeX Warning: Citation `domonoske2018pedestrian' on page 2 undefined on input 
line 89.


LaTeX Warning: Citation `kelley2018police' on page 2 undefined on input line 89
.

<images/pedestrianAccidentNumFatalities.png, id=16, 433.62pt x 289.08pt>
File: images/pedestrianAccidentNumFatalities.png Graphic file (type png)

<use images/pedestrianAccidentNumFatalities.png>
Package pdftex.def Info: images/pedestrianAccidentNumFatalities.png used on inp
ut line 98.
(pdftex.def)             Requested size: 173.56403pt x 115.70934pt.

<images/pedestrianAccidentNumInjuries.png, id=17, 433.62pt x 289.08pt>
File: images/pedestrianAccidentNumInjuries.png Graphic file (type png)

<use images/pedestrianAccidentNumInjuries.png>
Package pdftex.def Info: images/pedestrianAccidentNumInjuries.png used on input
 line 104.
(pdftex.def)             Requested size: 173.56403pt x 115.70934pt.

Overfull \hbox (2.05554pt too wide) in paragraph at lines 97--108
[][] [] 
 []

[2]

LaTeX Warning: Citation `nsc2012estimating' on page 3 undefined on input line 1
17.


Overfull \hbox (34.005pt too wide) in paragraph at lines 119--120
[]\OT1/cmr/m/n/10 https://www.nsc.org/Portals/0/Documents/NSCDocuments[]-Corpor
ate/estimating-
 []


Underfull \hbox (badness 5711) in paragraph at lines 155--155
[]|\OT1/cmr/m/n/9 Potential for Safety Im-
 []

Missing character: There is no ‚ in font cmr9!
Missing character: There is no Ä in font cmr9!
Missing character: There is no ú in font cmr9!
Missing character: There is no ‚ in font cmr9!
Missing character: There is no Ä in font cmr9!
Missing character: There is no ù in font cmr9!

LaTeX Warning: Citation `ohgov2017' on page 3 undefined on input line 155.


LaTeX Warning: Citation `xie2017analysis' on page 3 undefined on input line 156
.


Underfull \vbox (badness 1845) has occurred while \output is active []

 [3 <./images/pedestrianAccidentNumFatalities.png> <./images/pedestrianAccident
NumInjuries.png>]

LaTeX Warning: Citation `brude1993models' on page 4 undefined on input line 163
.


LaTeX Warning: Citation `lascala2000demographic' on page 4 undefined on input l
ine 163.


LaTeX Warning: Citation `lyon2002pedestrian' on page 4 undefined on input line 
163.


LaTeX Warning: Citation `ladron2004forecasting' on page 4 undefined on input li
ne 163.


LaTeX Warning: Citation `pulugurtha2011pedestrian' on page 4 undefined on input
 line 163.


LaTeX Warning: Citation `ukkusuri2011random' on page 4 undefined on input line 
163.


LaTeX Warning: Citation `guo2017effect' on page 4 undefined on input line 163.


LaTeX Warning: Citation `zhang2017quantitative' on page 4 undefined on input li
ne 163.

[4]

LaTeX Warning: Reference `table : cincinnatidatasets' on page 5 undefined on in
put line 182.


Underfull \hbox (badness 10000) in paragraph at lines 200--201
[]|\OT1/cmr/m/n/9 https://data.cincinnati-
 []


Underfull \hbox (badness 10000) in paragraph at lines 201--203
[]|\OT1/cmr/m/n/9 Contains eco-nomic, neigh-bor-hood
 []


Underfull \hbox (badness 1248) in paragraph at lines 211--212
[]|\OT1/cmr/m/n/9 A dataset pro-vided by the city of
 []


Underfull \hbox (badness 10000) in paragraph at lines 212--213
[]|\OT1/cmr/m/n/9 Income and house
 []


Underfull \hbox (badness 10000) in paragraph at lines 213--214
[]|\OT1/cmr/m/n/9 http://www.city-
 []


Underfull \hbox (badness 10000) in paragraph at lines 213--214
\OT1/cmr/m/n/9 data.com/nbmaps/neigh-
 []


Overfull \hbox (8.39995pt too wide) in paragraph at lines 192--219
 [] 
 []


LaTeX Warning: `!h' float specifier changed to `!ht'.

[5]
Underfull \hbox (badness 10000) in paragraph at lines 233--234
[]|\OT1/cmr/m/n/9 Cincinnati 311 non-
 []


Underfull \hbox (badness 10000) in paragraph at lines 239--240
[]|\OT1/cmr/m/n/9 Traffic Crash Re-ports
 []


Overfull \hbox (5.71391pt too wide) in paragraph at lines 260--262
[]|\OT1/cmr/m/n/9 https://developers.google.--
 []


Underfull \hbox (badness 10000) in paragraph at lines 260--262

 []


Overfull \hbox (2.28758pt too wide) in paragraph at lines 269--273
[]|\OT1/cmr/m/n/9 https://www.quandl.com/ 
 []


Underfull \hbox (badness 10000) in paragraph at lines 269--273
\OT1/cmr/m/n/9 data/ZILLOW/M26[]-
 []


Overfull \hbox (8.39995pt too wide) in paragraph at lines 252--276
 [] 
 []


LaTeX Warning: `!h' float specifier changed to `!ht'.

[6] [7]

LaTeX Warning: Reference `table : eventseverity' on page 8 undefined on input l
ine 285.


LaTeX Warning: Citation `xie2017analysis' on page 8 undefined on input line 287
.

<images/trafficAccidentsPedestrianCosts.png, id=41, 686.565pt x 433.62pt>
File: images/trafficAccidentsPedestrianCosts.png Graphic file (type png)

<use images/trafficAccidentsPedestrianCosts.png>
Package pdftex.def Info: images/trafficAccidentsPedestrianCosts.png used on inp
ut line 304.
(pdftex.def)             Requested size: 173.55795pt x 109.61555pt.

<images/pedestrianAccidentCostsHistogram.png, id=42, 433.62pt x 289.08pt>
File: images/pedestrianAccidentCostsHistogram.png Graphic file (type png)

<use images/pedestrianAccidentCostsHistogram.png>
Package pdftex.def Info: images/pedestrianAccidentCostsHistogram.png used on in
put line 310.
(pdftex.def)             Requested size: 173.56403pt x 115.70934pt.

Overfull \hbox (2.05554pt too wide) in paragraph at lines 303--314
[][] [] 
 []

[8

]

LaTeX Warning: Reference `table : eventseverity' on page 9 undefined on input l
ine 324.

<images/trafficAccidentsNonPedestrian.png, id=50, 686.565pt x 433.62pt>
File: images/trafficAccidentsNonPedestrian.png Graphic file (type png)

<use images/trafficAccidentsNonPedestrian.png>
Package pdftex.def Info: images/trafficAccidentsNonPedestrian.png used on input
 line 329.
(pdftex.def)             Requested size: 347.11592pt x 219.23111pt.
 [9 <./images/trafficAccidentsPedestrianCosts.png (PNG copy)> <./images/pedestr
ianAccidentCostsHistogram.png (PNG copy)>] <images/streetsSumArea.png, id=55, 6
86.565pt x 433.62pt>
File: images/streetsSumArea.png Graphic file (type png)

<use images/streetsSumArea.png>
Package pdftex.def Info: images/streetsSumArea.png used on input line 366.
(pdftex.def)             Requested size: 347.11592pt x 219.23111pt.
 [10 <./images/trafficAccidentsNonPedestrian.png (PNG copy)>] <images/busStopDi
stances.png, id=59, 686.565pt x 433.62pt>
File: images/busStopDistances.png Graphic file (type png)

<use images/busStopDistances.png>
Package pdftex.def Info: images/busStopDistances.png used on input line 381.
(pdftex.def)             Requested size: 347.11592pt x 219.23111pt.
 [11 <./images/streetsSumArea.png (PNG copy)>]

LaTeX Warning: Citation `cvg2018city' on page 12 undefined on input line 395.


LaTeX Warning: Citation `cvg2018city' on page 12 undefined on input line 397.


LaTeX Warning: `!h' float specifier changed to `!ht'.

[12 <./images/busStopDistances.png (PNG copy)>]
<images/pedestrianSurveyNRequests.png, id=66, 686.565pt x 433.62pt>
File: images/pedestrianSurveyNRequests.png Graphic file (type png)

<use images/pedestrianSurveyNRequests.png>
Package pdftex.def Info: images/pedestrianSurveyNRequests.png used on input lin
e 446.
(pdftex.def)             Requested size: 347.11592pt x 219.23111pt.
 [13 <./images/pedestrianSurveyNRequests.png (PNG copy)>]
Overfull \hbox (8.39995pt too wide) in paragraph at lines 463--480
 [] 
 []


LaTeX Warning: `!h' float specifier changed to `!ht'.

[14

]

LaTeX Warning: Reference `table : propertyValueFeatures' on page 15 undefined o
n input line 489.

Missing character: There is no ‚ in font cmr9!
Missing character: There is no Ä in font cmr9!
Missing character: There is no ì in font cmr9!
Missing character: There is no ‚ in font cmr9!
Missing character: There is no Ä in font cmr9!
Missing character: There is no ì in font cmr9!
Missing character: There is no ‚ in font cmr9!
Missing character: There is no Ä in font cmr9!
Missing character: There is no ì in font cmr9!
Missing character: There is no ‚ in font cmr9!
Missing character: There is no Ä in font cmr9!
Missing character: There is no ì in font cmr9!
Missing character: There is no ‚ in font cmr9!
Missing character: There is no Ä in font cmr9!
Missing character: There is no ì in font cmr9!
Missing character: There is no ‚ in font cmr9!
Missing character: There is no Ä in font cmr9!
Missing character: There is no ì in font cmr9!
Missing character: There is no ‚ in font cmr9!
Missing character: There is no Ä in font cmr9!
Missing character: There is no ì in font cmr9!
Missing character: There is no ‚ in font cmr9!
Missing character: There is no Ä in font cmr9!
Missing character: There is no ì in font cmr9!
Missing character: There is no ‚ in font cmr9!
Missing character: There is no Ä in font cmr9!
Missing character: There is no ì in font cmr9!
Missing character: There is no ‚ in font cmr9!
Missing character: There is no Ä in font cmr9!
Missing character: There is no ì in font cmr9!
Missing character: There is no ‚ in font cmr9!
Missing character: There is no Ä in font cmr9!
Missing character: There is no ì in font cmr9!
Missing character: There is no ‚ in font cmr9!
Missing character: There is no Ä in font cmr9!
Missing character: There is no ì in font cmr9!
Missing character: There is no ‚ in font cmr9!
Missing character: There is no Ä in font cmr9!
Missing character: There is no ì in font cmr9!
Missing character: There is no ‚ in font cmr9!
Missing character: There is no Ä in font cmr9!
Missing character: There is no ì in font cmr9!
Missing character: There is no ‚ in font cmr9!
Missing character: There is no Ä in font cmr9!
Missing character: There is no ì in font cmr9!
Missing character: There is no ‚ in font cmr9!
Missing character: There is no Ä in font cmr9!
Missing character: There is no ì in font cmr9!

LaTeX Warning: `!h' float specifier changed to `!ht'.

[15] <images/propertyValuesMedianAllY.png, id=77, 686.565pt x 433.62pt>
File: images/propertyValuesMedianAllY.png Graphic file (type png)

<use images/propertyValuesMedianAllY.png>
Package pdftex.def Info: images/propertyValuesMedianAllY.png used on input line
 523.
(pdftex.def)             Requested size: 347.11592pt x 219.23111pt.
 [16 <./images/propertyValuesMedianAllY.png (PNG copy)>] <images/walkScore.png,
 id=82, 686.565pt x 433.62pt>
File: images/walkScore.png Graphic file (type png)

<use images/walkScore.png>
Package pdftex.def Info: images/walkScore.png used on input line 540.
(pdftex.def)             Requested size: 347.11592pt x 219.23111pt.
 [17 <./images/walkScore.png (PNG copy)>]
Underfull \hbox (badness 10000) in paragraph at lines 565--566

 []


<images/trafficcrashreports20180918nonpedestriansumcostmapped2grid.png, id=86, 
1084.05pt x 650.43pt>
File: images/trafficcrashreports20180918nonpedestriansumcostmapped2grid.png Gra
phic file (type png)

<use images/trafficcrashreports20180918nonpedestriansumcostmapped2grid.png>
Package pdftex.def Info: images/trafficcrashreports20180918nonpedestriansumcost
mapped2grid.png used on input line 569.
(pdftex.def)             Requested size: 347.11812pt x 208.27087pt.

[18 <./images/trafficcrashreports20180918nonpedestriansumcostmapped2grid.png (P
NG copy)>] [19] [20] <images/maxWalkScores.png, id=97, 1300.86pt x 650.43pt>
File: images/maxWalkScores.png Graphic file (type png)

<use images/maxWalkScores.png>
Package pdftex.def Info: images/maxWalkScores.png used on input line 661.
(pdftex.def)             Requested size: 173.54417pt x 86.77208pt.

<images/busStopDistance.png, id=98, 1011.78pt x 650.43pt>
File: images/busStopDistance.png Graphic file (type png)

<use images/busStopDistance.png>
Package pdftex.def Info: images/busStopDistance.png used on input line 667.
(pdftex.def)             Requested size: 173.5596pt x 111.57404pt.

Overfull \hbox (2.05554pt too wide) in paragraph at lines 660--671
[][] [] 
 []

<images/trafficAccidents.png, id=99, 1300.86pt x 650.43pt>
File: images/trafficAccidents.png Graphic file (type png)

<use images/trafficAccidents.png>
Package pdftex.def Info: images/trafficAccidents.png used on input line 677.
(pdftex.def)             Requested size: 173.54417pt x 86.77208pt.
 [21 <./images/maxWalkScores.png (PNG copy)> <./images/busStopDistance.png (PNG
 copy)>]
Underfull \hbox (badness 10000) in paragraph at lines 685--686

 []

<images/RFROC.png, id=103, 349.305pt x 267.8808pt>
File: images/RFROC.png Graphic file (type png)
 <use images/RFROC.png>
Package pdftex.def Info: images/RFROC.png used on input line 688.
(pdftex.def)             Requested size: 347.1455pt x 266.22469pt.

[22 <./images/trafficAccidents.png (PNG copy)>] [23 <./images/RFROC.png (PNG co
py)>]
Underfull \hbox (badness 10000) in paragraph at lines 694--696

 []

<images/RFBinaryResultsMap.png, id=110, 1084.05pt x 650.43pt>
File: images/RFBinaryResultsMap.png Graphic file (type png)

<use images/RFBinaryResultsMap.png>
Package pdftex.def Info: images/RFBinaryResultsMap.png used on input line 699.
(pdftex.def)             Requested size: 347.11812pt x 208.27087pt.

Underfull \hbox (badness 10000) in paragraph at lines 709--710

 []

File: images/trafficcrashreports20180918nonpedestriansumcostmapped2grid.png Gra
phic file (type png)
<use images/trafficcrashreports20180918nonpedestriansumcostmapped2grid.png>
Package pdftex.def Info: images/trafficcrashreports20180918nonpedestriansumcost
mapped2grid.png used on input line 712.
(pdftex.def)             Requested size: 173.55078pt x 104.13046pt.

[24 <./images/RFBinaryResultsMap.png (PNG copy)>]
Missing character: There is no ‚ in font cmr10!
Missing character: There is no Ä in font cmr10!
Missing character: There is no ô in font cmr10!
 [25]
Missing character: There is no ‚ in font cmr10!
Missing character: There is no Ä in font cmr10!
Missing character: There is no ô in font cmr10!
Missing character: There is no ‚ in font cmr10!
Missing character: There is no Ä in font cmr10!
Missing character: There is no ì in font cmr10!
Missing character: There is no ‚ in font cmr10!
Missing character: There is no Ä in font cmr10!
Missing character: There is no ì in font cmr10!
 [26]
Missing character: There is no ‚ in font cmr10!
Missing character: There is no Ä in font cmr10!
Missing character: There is no ì in font cmr10!

Underfull \vbox (badness 10000) has occurred while \output is active []

 [27]
Missing character: There is no ‚ in font cmr10!
Missing character: There is no Ä in font cmr10!
Missing character: There is no ¶ in font cmr10!

Overfull \hbox (6.48158pt too wide) in paragraph at lines 767--768
\OT1/cmr/m/n/10 AR-EAS WHICH HAVE PO-TEN-TIAL FOR SAFETY IM-PROVE-MENT. THESE
 []

(./swaminathan_herrera_mcdevitt_third_paper_draft.bbl) [28]
(./swaminathan_herrera_mcdevitt_third_paper_draft.aux)

LaTeX Warning: There were undefined references.

 ) 
Here is how much of TeX's memory you used:
 4526 strings out of 494910
 69288 string characters out of 6179835
 125938 words of memory out of 5000000
 7708 multiletter control sequences out of 15000+600000
 12510 words of font info for 44 fonts, out of 8000000 for 9000
 36 hyphenation exceptions out of 8191
 38i,15n,39p,2438b,466s stack positions out of 5000i,500n,10000p,200000b,80000s
 </home/mcdevitt/.texmf-var/fonts/pk/ljfour/jknappen/ec/tcbx0500.600pk> </hom
e/mcdevitt/.texmf-var/fonts/pk/ljfour/jknappen/ec/tcrm1000.600pk> </home/mcdevi
tt/.texmf-var/fonts/pk/ljfour/jknappen/ec/tcrm0500.600pk> </home/mcdevitt/.texm
f-var/fonts/pk/ljfour/jknappen/ec/tcrm0900.600pk></usr/share/texlive/texmf-dist
/fonts/type1/public/amsfonts/cm/cmbx10.pfb></usr/share/texlive/texmf-dist/fonts
/type1/public/amsfonts/cm/cmbx12.pfb></usr/share/texlive/texmf-dist/fonts/type1
/public/amsfonts/cm/cmbx9.pfb></usr/share/texlive/texmf-dist/fonts/type1/public
/amsfonts/cm/cmex10.pfb></usr/share/texlive/texmf-dist/fonts/type1/public/amsfo
nts/cm/cmmi10.pfb></usr/share/texlive/texmf-dist/fonts/type1/public/amsfonts/cm
/cmmi7.pfb></usr/share/texlive/texmf-dist/fonts/type1/public/amsfonts/cm/cmr10.
pfb></usr/share/texlive/texmf-dist/fonts/type1/public/amsfonts/cm/cmr6.pfb></us
r/share/texlive/texmf-dist/fonts/type1/public/amsfonts/cm/cmr7.pfb></usr/share/
texlive/texmf-dist/fonts/type1/public/amsfonts/cm/cmr9.pfb></usr/share/texlive/
texmf-dist/fonts/type1/public/amsfonts/cm/cmsy10.pfb></usr/share/texlive/texmf-
dist/fonts/type1/public/amsfonts/cm/cmsy9.pfb></usr/share/texlive/texmf-dist/fo
nts/type1/public/amsfonts/cm/cmti10.pfb></usr/share/texlive/texmf-dist/fonts/ty
pe1/public/amsfonts/cm/cmtt9.pfb>
Output written on swaminathan_herrera_mcdevitt_third_paper_draft.pdf (28 pages,
 15773380 bytes).
PDF statistics:
 190 PDF objects out of 1000 (max. 8388607)
 121 compressed objects within 2 object streams
 0 named destinations out of 1000 (max. 500000)
 81 words of extra memory for PDF output out of 10000 (max. 10000000)

